

Microchip Technology PIC LITE Macro Assembler V2.00 build -1524193055 
                                                                                               Mon Apr 18 11:13:39 2022

Microchip Technology Omniscient Code Generator v2.00 (Free mode) build 20180527130849
     1  0000                     
      + 0000                     
     2                           ; Version 2.00
     3                           ; Generated 27/05/2018 GMT
     4                           
     5                           ; 
     6                           ; Copyright © 2018, Microchip Technology Inc. and its subsidiaries ("Microchip")
     7                           ; All rights reserved.
     8                           ; 
     9                           ; This software is developed by Microchip Technology Inc. and its subsidiaries ("Microch
                                 ip").
    10                           ; 
    11                           ; Redistribution and use in source and binary forms, with or without modification, are
    12                           ; permitted provided that the following conditions are met:
    13                           ; 
    14                           ;     1. Redistributions of source code must retain the above copyright notice, this lis
                                 t of
    15                           ;        conditions and the following disclaimer.
    16                           ; 
    17                           ;     2. Redistributions in binary form must reproduce the above copyright notice, this 
                                 list
    18                           ;        of conditions and the following disclaimer in the documentation and/or other
    19                           ;        materials provided with the distribution.
    20                           ; 
    21                           ;     3. Microchip's name may not be used to endorse or promote products derived from th
                                 is
    22                           ;        software without specific prior written permission.
    23                           ; 
    24                           ; THIS SOFTWARE IS PROVIDED BY MICROCHIP "AS IS" AND ANY EXPRESS OR IMPLIED WARRANTIES,

    25                           ; INCLUDING, BUT NOT LIMITED TO, THE IMPLIED WARRANTIES OF MERCHANTABILITY AND FITNESS F
                                 OR
    26                           ; PURPOSE ARE DISCLAIMED.  IN NO EVENT SHALL MICROCHIP BE LIABLE FOR ANY DIRECT, INDIREC
                                 T,
    27                           ; INCIDENTAL, SPECIAL, EXEMPLARY, OR CONSEQUENTIAL DAMAGES (INCLUDING BUT NOT LIMITED TO
                                 
    28                           ; PROCUREMENT OF SUBSTITUTE GOODS OR SERVICES; LOSS OF USE, DATA OR PROFITS; OR BUSINESS
                                 
    29                           ; INTERRUPTION) HOWSOEVER CAUSED AND ON ANY THEORY OF LIABILITY, WHETHER IN CONTRACT, ST
                                 RICT
    30                           ; LIABILITY, OR TORT (INCLUDING NEGLIGENCE OR OTHERWISE) ARISING IN ANY WAY OUT OF THE U
                                 SE OF
    31                           ; THIS SOFTWARE, EVEN IF ADVISED OF THE POSSIBILITY OF SUCH DAMAGE.
    32                           ; 
    33                           
    34                           
    35                           ; 
    36                           ; Code-generator required, PIC16F887 Definitions
    37                           ; 
    38  0004                     fsr0 equ 04h
    39  0004                     indf equ 00h
    40  0000                     indf0 equ 00h
    41  0000                     pc equ 02h
    42  0002                     pcl equ 02h
    43  0002                     pclath equ 0Ah
    44  000A                     status equ 03h
    45  0003                     
     2                           opt pagewidth 120
     3  0000                     byte0	macro	val
     4                           	(getbyte(val,0))
     5                           endm
     6  0000                     byte1	macro	val
     7                           	(getbyte(val,1))
     8                           endm
     9  0000                     byte2	macro	val
    10                           	(getbyte(val,2))
    11                           endm
    12  0000                     byte3	macro	val
    13                           	(getbyte(val,3))
    14                           endm
    15  0000                     byte4	macro	val
    16                           	(getbyte(val,4))
    17                           endm
    18  0000                     byte5	macro	val
    19                           	(getbyte(val,5))
    20                           endm
    21  0000                     byte6	macro	val
    22                           	(getbyte(val,6))
    23                           endm
    24  0000                     byte7	macro	val
    25                           	(getbyte(val,7))
    26                           endm
    27  0000                     getword	macro	val,pos
    28                           	(((val) >> (8 * pos)) and 0xffff)
    29                           endm
    30  0000                     word0	macro	val
    31                           	(getword(val,0))
    32                           endm
    33  0000                     word1	macro	val
    34                           	(getword(val,2))
    35                           endm
    36  0000                     word2	macro	val
    37                           	(getword(val,4))
    38                           endm
    39  0000                     word3	macro	val
    40                           	(getword(val,6))
    41                           endm
    42  0000                     gettword	macro	val,pos
    43                           	(((val) >> (8 * pos)) and 0xffffff)
    44                           endm
    45  0000                     tword0	macro	val
    46                           	(gettword(val,0))
    47                           endm
    48  0000                     tword1	macro	val
    49                           	(gettword(val,3))
    50                           endm
    51  0000                     tword2	macro	val
    52                           	(gettword(val,6))
    53                           endm
    54  0000                     getdword	macro	val,pos
    55                           	(((val) >> (8 * pos)) and 0xffffffff)
    56                           endm
    57  0000                     dword0	macro	val
    58                           	(getdword(val,0))
    59                           endm
    60  0000                     dword1	macro	val
    61                           	(getdword(val,4))
    62                           endm
    63  0000                     clrc	macro
    64                           	bcf	3,0
    65                           	endm
    66  0000                     clrz	macro
    67                           	bcf	3,2
    68                           	endm
    69  0000                     setc	macro
    70                           	bsf	3,0
    71                           	endm
    72  0000                     setz	macro
    73                           	bsf	3,2
    74                           	endm
    75  0000                     skipc	macro
    76                           	btfss	3,0
    77                           	endm
    78  0000                     skipz	macro
    79                           	btfss	3,2
    80                           	endm
    81  0000                     skipnc	macro
    82                           	btfsc	3,0
    83                           	endm
    84  0000                     skipnz	macro
    85                           	btfsc	3,2
    86                           	endm
    87  0000                     # 54 "C:\Program Files (x86)\Microchip\xc8\v2.00\pic\include\pic16f887.h"
    88                           INDF equ 00h ;# 
    89  0000                     # 61 "C:\Program Files (x86)\Microchip\xc8\v2.00\pic\include\pic16f887.h"
    90                           TMR0 equ 01h ;# 
    91  0001                     # 68 "C:\Program Files (x86)\Microchip\xc8\v2.00\pic\include\pic16f887.h"
    92                           PCL equ 02h ;# 
    93  0002                     # 75 "C:\Program Files (x86)\Microchip\xc8\v2.00\pic\include\pic16f887.h"
    94                           STATUS equ 03h ;# 
    95  0003                     # 161 "C:\Program Files (x86)\Microchip\xc8\v2.00\pic\include\pic16f887.h"
    96                           FSR equ 04h ;# 
    97  0004                     # 168 "C:\Program Files (x86)\Microchip\xc8\v2.00\pic\include\pic16f887.h"
    98                           PORTA equ 05h ;# 
    99  0005                     # 230 "C:\Program Files (x86)\Microchip\xc8\v2.00\pic\include\pic16f887.h"
   100                           PORTB equ 06h ;# 
   101  0006                     # 292 "C:\Program Files (x86)\Microchip\xc8\v2.00\pic\include\pic16f887.h"
   102                           PORTC equ 07h ;# 
   103  0007                     # 354 "C:\Program Files (x86)\Microchip\xc8\v2.00\pic\include\pic16f887.h"
   104                           PORTD equ 08h ;# 
   105  0008                     # 416 "C:\Program Files (x86)\Microchip\xc8\v2.00\pic\include\pic16f887.h"
   106                           PORTE equ 09h ;# 
   107  0009                     # 454 "C:\Program Files (x86)\Microchip\xc8\v2.00\pic\include\pic16f887.h"
   108                           PCLATH equ 0Ah ;# 
   109  000A                     # 461 "C:\Program Files (x86)\Microchip\xc8\v2.00\pic\include\pic16f887.h"
   110                           INTCON equ 0Bh ;# 
   111  000B                     # 539 "C:\Program Files (x86)\Microchip\xc8\v2.00\pic\include\pic16f887.h"
   112                           PIR1 equ 0Ch ;# 
   113  000C                     # 595 "C:\Program Files (x86)\Microchip\xc8\v2.00\pic\include\pic16f887.h"
   114                           PIR2 equ 0Dh ;# 
   115  000D                     # 652 "C:\Program Files (x86)\Microchip\xc8\v2.00\pic\include\pic16f887.h"
   116                           TMR1 equ 0Eh ;# 
   117  000E                     # 659 "C:\Program Files (x86)\Microchip\xc8\v2.00\pic\include\pic16f887.h"
   118                           TMR1L equ 0Eh ;# 
   119  000E                     # 666 "C:\Program Files (x86)\Microchip\xc8\v2.00\pic\include\pic16f887.h"
   120                           TMR1H equ 0Fh ;# 
   121  000F                     # 673 "C:\Program Files (x86)\Microchip\xc8\v2.00\pic\include\pic16f887.h"
   122                           T1CON equ 010h ;# 
   123  0010                     # 767 "C:\Program Files (x86)\Microchip\xc8\v2.00\pic\include\pic16f887.h"
   124                           TMR2 equ 011h ;# 
   125  0011                     # 774 "C:\Program Files (x86)\Microchip\xc8\v2.00\pic\include\pic16f887.h"
   126                           T2CON equ 012h ;# 
   127  0012                     # 845 "C:\Program Files (x86)\Microchip\xc8\v2.00\pic\include\pic16f887.h"
   128                           SSPBUF equ 013h ;# 
   129  0013                     # 852 "C:\Program Files (x86)\Microchip\xc8\v2.00\pic\include\pic16f887.h"
   130                           SSPCON equ 014h ;# 
   131  0014                     # 922 "C:\Program Files (x86)\Microchip\xc8\v2.00\pic\include\pic16f887.h"
   132                           CCPR1 equ 015h ;# 
   133  0015                     # 929 "C:\Program Files (x86)\Microchip\xc8\v2.00\pic\include\pic16f887.h"
   134                           CCPR1L equ 015h ;# 
   135  0015                     # 936 "C:\Program Files (x86)\Microchip\xc8\v2.00\pic\include\pic16f887.h"
   136                           CCPR1H equ 016h ;# 
   137  0016                     # 943 "C:\Program Files (x86)\Microchip\xc8\v2.00\pic\include\pic16f887.h"
   138                           CCP1CON equ 017h ;# 
   139  0017                     # 1040 "C:\Program Files (x86)\Microchip\xc8\v2.00\pic\include\pic16f887.h"
   140                           RCSTA equ 018h ;# 
   141  0018                     # 1135 "C:\Program Files (x86)\Microchip\xc8\v2.00\pic\include\pic16f887.h"
   142                           TXREG equ 019h ;# 
   143  0019                     # 1142 "C:\Program Files (x86)\Microchip\xc8\v2.00\pic\include\pic16f887.h"
   144                           RCREG equ 01Ah ;# 
   145  001A                     # 1149 "C:\Program Files (x86)\Microchip\xc8\v2.00\pic\include\pic16f887.h"
   146                           CCPR2 equ 01Bh ;# 
   147  001B                     # 1156 "C:\Program Files (x86)\Microchip\xc8\v2.00\pic\include\pic16f887.h"
   148                           CCPR2L equ 01Bh ;# 
   149  001B                     # 1163 "C:\Program Files (x86)\Microchip\xc8\v2.00\pic\include\pic16f887.h"
   150                           CCPR2H equ 01Ch ;# 
   151  001C                     # 1170 "C:\Program Files (x86)\Microchip\xc8\v2.00\pic\include\pic16f887.h"
   152                           CCP2CON equ 01Dh ;# 
   153  001D                     # 1240 "C:\Program Files (x86)\Microchip\xc8\v2.00\pic\include\pic16f887.h"
   154                           ADRESH equ 01Eh ;# 
   155  001E                     # 1247 "C:\Program Files (x86)\Microchip\xc8\v2.00\pic\include\pic16f887.h"
   156                           ADCON0 equ 01Fh ;# 
   157  001F                     # 1348 "C:\Program Files (x86)\Microchip\xc8\v2.00\pic\include\pic16f887.h"
   158                           OPTION_REG equ 081h ;# 
   159  0081                     # 1418 "C:\Program Files (x86)\Microchip\xc8\v2.00\pic\include\pic16f887.h"
   160                           TRISA equ 085h ;# 
   161  0085                     # 1480 "C:\Program Files (x86)\Microchip\xc8\v2.00\pic\include\pic16f887.h"
   162                           TRISB equ 086h ;# 
   163  0086                     # 1542 "C:\Program Files (x86)\Microchip\xc8\v2.00\pic\include\pic16f887.h"
   164                           TRISC equ 087h ;# 
   165  0087                     # 1604 "C:\Program Files (x86)\Microchip\xc8\v2.00\pic\include\pic16f887.h"
   166                           TRISD equ 088h ;# 
   167  0088                     # 1666 "C:\Program Files (x86)\Microchip\xc8\v2.00\pic\include\pic16f887.h"
   168                           TRISE equ 089h ;# 
   169  0089                     # 1704 "C:\Program Files (x86)\Microchip\xc8\v2.00\pic\include\pic16f887.h"
   170                           PIE1 equ 08Ch ;# 
   171  008C                     # 1760 "C:\Program Files (x86)\Microchip\xc8\v2.00\pic\include\pic16f887.h"
   172                           PIE2 equ 08Dh ;# 
   173  008D                     # 1817 "C:\Program Files (x86)\Microchip\xc8\v2.00\pic\include\pic16f887.h"
   174                           PCON equ 08Eh ;# 
   175  008E                     # 1864 "C:\Program Files (x86)\Microchip\xc8\v2.00\pic\include\pic16f887.h"
   176                           OSCCON equ 08Fh ;# 
   177  008F                     # 1929 "C:\Program Files (x86)\Microchip\xc8\v2.00\pic\include\pic16f887.h"
   178                           OSCTUNE equ 090h ;# 
   179  0090                     # 1981 "C:\Program Files (x86)\Microchip\xc8\v2.00\pic\include\pic16f887.h"
   180                           SSPCON2 equ 091h ;# 
   181  0091                     # 2043 "C:\Program Files (x86)\Microchip\xc8\v2.00\pic\include\pic16f887.h"
   182                           PR2 equ 092h ;# 
   183  0092                     # 2050 "C:\Program Files (x86)\Microchip\xc8\v2.00\pic\include\pic16f887.h"
   184                           SSPADD equ 093h ;# 
   185  0093                     # 2057 "C:\Program Files (x86)\Microchip\xc8\v2.00\pic\include\pic16f887.h"
   186                           SSPMSK equ 093h ;# 
   187  0093                     # 2062 "C:\Program Files (x86)\Microchip\xc8\v2.00\pic\include\pic16f887.h"
   188                           MSK equ 093h ;# 
   189  0093                     # 2179 "C:\Program Files (x86)\Microchip\xc8\v2.00\pic\include\pic16f887.h"
   190                           SSPSTAT equ 094h ;# 
   191  0094                     # 2348 "C:\Program Files (x86)\Microchip\xc8\v2.00\pic\include\pic16f887.h"
   192                           WPUB equ 095h ;# 
   193  0095                     # 2418 "C:\Program Files (x86)\Microchip\xc8\v2.00\pic\include\pic16f887.h"
   194                           IOCB equ 096h ;# 
   195  0096                     # 2488 "C:\Program Files (x86)\Microchip\xc8\v2.00\pic\include\pic16f887.h"
   196                           VRCON equ 097h ;# 
   197  0097                     # 2558 "C:\Program Files (x86)\Microchip\xc8\v2.00\pic\include\pic16f887.h"
   198                           TXSTA equ 098h ;# 
   199  0098                     # 2644 "C:\Program Files (x86)\Microchip\xc8\v2.00\pic\include\pic16f887.h"
   200                           SPBRG equ 099h ;# 
   201  0099                     # 2706 "C:\Program Files (x86)\Microchip\xc8\v2.00\pic\include\pic16f887.h"
   202                           SPBRGH equ 09Ah ;# 
   203  009A                     # 2776 "C:\Program Files (x86)\Microchip\xc8\v2.00\pic\include\pic16f887.h"
   204                           PWM1CON equ 09Bh ;# 
   205  009B                     # 2846 "C:\Program Files (x86)\Microchip\xc8\v2.00\pic\include\pic16f887.h"
   206                           ECCPAS equ 09Ch ;# 
   207  009C                     # 2928 "C:\Program Files (x86)\Microchip\xc8\v2.00\pic\include\pic16f887.h"
   208                           PSTRCON equ 09Dh ;# 
   209  009D                     # 2972 "C:\Program Files (x86)\Microchip\xc8\v2.00\pic\include\pic16f887.h"
   210                           ADRESL equ 09Eh ;# 
   211  009E                     # 2979 "C:\Program Files (x86)\Microchip\xc8\v2.00\pic\include\pic16f887.h"
   212                           ADCON1 equ 09Fh ;# 
   213  009F                     # 3013 "C:\Program Files (x86)\Microchip\xc8\v2.00\pic\include\pic16f887.h"
   214                           WDTCON equ 0105h ;# 
   215  0105                     # 3066 "C:\Program Files (x86)\Microchip\xc8\v2.00\pic\include\pic16f887.h"
   216                           CM1CON0 equ 0107h ;# 
   217  0107                     # 3131 "C:\Program Files (x86)\Microchip\xc8\v2.00\pic\include\pic16f887.h"
   218                           CM2CON0 equ 0108h ;# 
   219  0108                     # 3196 "C:\Program Files (x86)\Microchip\xc8\v2.00\pic\include\pic16f887.h"
   220                           CM2CON1 equ 0109h ;# 
   221  0109                     # 3247 "C:\Program Files (x86)\Microchip\xc8\v2.00\pic\include\pic16f887.h"
   222                           EEDATA equ 010Ch ;# 
   223  010C                     # 3252 "C:\Program Files (x86)\Microchip\xc8\v2.00\pic\include\pic16f887.h"
   224                           EEDAT equ 010Ch ;# 
   225  010C                     # 3259 "C:\Program Files (x86)\Microchip\xc8\v2.00\pic\include\pic16f887.h"
   226                           EEADR equ 010Dh ;# 
   227  010D                     # 3266 "C:\Program Files (x86)\Microchip\xc8\v2.00\pic\include\pic16f887.h"
   228                           EEDATH equ 010Eh ;# 
   229  010E                     # 3273 "C:\Program Files (x86)\Microchip\xc8\v2.00\pic\include\pic16f887.h"
   230                           EEADRH equ 010Fh ;# 
   231  010F                     # 3280 "C:\Program Files (x86)\Microchip\xc8\v2.00\pic\include\pic16f887.h"
   232                           SRCON equ 0185h ;# 
   233  0185                     # 3337 "C:\Program Files (x86)\Microchip\xc8\v2.00\pic\include\pic16f887.h"
   234                           BAUDCTL equ 0187h ;# 
   235  0187                     # 3389 "C:\Program Files (x86)\Microchip\xc8\v2.00\pic\include\pic16f887.h"
   236                           ANSEL equ 0188h ;# 
   237  0188                     # 3451 "C:\Program Files (x86)\Microchip\xc8\v2.00\pic\include\pic16f887.h"
   238                           ANSELH equ 0189h ;# 
   239  0189                     # 3501 "C:\Program Files (x86)\Microchip\xc8\v2.00\pic\include\pic16f887.h"
   240                           EECON1 equ 018Ch ;# 
   241  018C                     # 3546 "C:\Program Files (x86)\Microchip\xc8\v2.00\pic\include\pic16f887.h"
   242                           EECON2 equ 018Dh ;# 
   243  018D                     # 54 "C:\Program Files (x86)\Microchip\xc8\v2.00\pic\include\pic16f887.h"
   244                           INDF equ 00h ;# 
   245  0000                     # 61 "C:\Program Files (x86)\Microchip\xc8\v2.00\pic\include\pic16f887.h"
   246                           TMR0 equ 01h ;# 
   247  0001                     # 68 "C:\Program Files (x86)\Microchip\xc8\v2.00\pic\include\pic16f887.h"
   248                           PCL equ 02h ;# 
   249  0002                     # 75 "C:\Program Files (x86)\Microchip\xc8\v2.00\pic\include\pic16f887.h"
   250                           STATUS equ 03h ;# 
   251  0003                     # 161 "C:\Program Files (x86)\Microchip\xc8\v2.00\pic\include\pic16f887.h"
   252                           FSR equ 04h ;# 
   253  0004                     # 168 "C:\Program Files (x86)\Microchip\xc8\v2.00\pic\include\pic16f887.h"
   254                           PORTA equ 05h ;# 
   255  0005                     # 230 "C:\Program Files (x86)\Microchip\xc8\v2.00\pic\include\pic16f887.h"
   256                           PORTB equ 06h ;# 
   257  0006                     # 292 "C:\Program Files (x86)\Microchip\xc8\v2.00\pic\include\pic16f887.h"
   258                           PORTC equ 07h ;# 
   259  0007                     # 354 "C:\Program Files (x86)\Microchip\xc8\v2.00\pic\include\pic16f887.h"
   260                           PORTD equ 08h ;# 
   261  0008                     # 416 "C:\Program Files (x86)\Microchip\xc8\v2.00\pic\include\pic16f887.h"
   262                           PORTE equ 09h ;# 
   263  0009                     # 454 "C:\Program Files (x86)\Microchip\xc8\v2.00\pic\include\pic16f887.h"
   264                           PCLATH equ 0Ah ;# 
   265  000A                     # 461 "C:\Program Files (x86)\Microchip\xc8\v2.00\pic\include\pic16f887.h"
   266                           INTCON equ 0Bh ;# 
   267  000B                     # 539 "C:\Program Files (x86)\Microchip\xc8\v2.00\pic\include\pic16f887.h"
   268                           PIR1 equ 0Ch ;# 
   269  000C                     # 595 "C:\Program Files (x86)\Microchip\xc8\v2.00\pic\include\pic16f887.h"
   270                           PIR2 equ 0Dh ;# 
   271  000D                     # 652 "C:\Program Files (x86)\Microchip\xc8\v2.00\pic\include\pic16f887.h"
   272                           TMR1 equ 0Eh ;# 
   273  000E                     # 659 "C:\Program Files (x86)\Microchip\xc8\v2.00\pic\include\pic16f887.h"
   274                           TMR1L equ 0Eh ;# 
   275  000E                     # 666 "C:\Program Files (x86)\Microchip\xc8\v2.00\pic\include\pic16f887.h"
   276                           TMR1H equ 0Fh ;# 
   277  000F                     # 673 "C:\Program Files (x86)\Microchip\xc8\v2.00\pic\include\pic16f887.h"
   278                           T1CON equ 010h ;# 
   279  0010                     # 767 "C:\Program Files (x86)\Microchip\xc8\v2.00\pic\include\pic16f887.h"
   280                           TMR2 equ 011h ;# 
   281  0011                     # 774 "C:\Program Files (x86)\Microchip\xc8\v2.00\pic\include\pic16f887.h"
   282                           T2CON equ 012h ;# 
   283  0012                     # 845 "C:\Program Files (x86)\Microchip\xc8\v2.00\pic\include\pic16f887.h"
   284                           SSPBUF equ 013h ;# 
   285  0013                     # 852 "C:\Program Files (x86)\Microchip\xc8\v2.00\pic\include\pic16f887.h"
   286                           SSPCON equ 014h ;# 
   287  0014                     # 922 "C:\Program Files (x86)\Microchip\xc8\v2.00\pic\include\pic16f887.h"
   288                           CCPR1 equ 015h ;# 
   289  0015                     # 929 "C:\Program Files (x86)\Microchip\xc8\v2.00\pic\include\pic16f887.h"
   290                           CCPR1L equ 015h ;# 
   291  0015                     # 936 "C:\Program Files (x86)\Microchip\xc8\v2.00\pic\include\pic16f887.h"
   292                           CCPR1H equ 016h ;# 
   293  0016                     # 943 "C:\Program Files (x86)\Microchip\xc8\v2.00\pic\include\pic16f887.h"
   294                           CCP1CON equ 017h ;# 
   295  0017                     # 1040 "C:\Program Files (x86)\Microchip\xc8\v2.00\pic\include\pic16f887.h"
   296                           RCSTA equ 018h ;# 
   297  0018                     # 1135 "C:\Program Files (x86)\Microchip\xc8\v2.00\pic\include\pic16f887.h"
   298                           TXREG equ 019h ;# 
   299  0019                     # 1142 "C:\Program Files (x86)\Microchip\xc8\v2.00\pic\include\pic16f887.h"
   300                           RCREG equ 01Ah ;# 
   301  001A                     # 1149 "C:\Program Files (x86)\Microchip\xc8\v2.00\pic\include\pic16f887.h"
   302                           CCPR2 equ 01Bh ;# 
   303  001B                     # 1156 "C:\Program Files (x86)\Microchip\xc8\v2.00\pic\include\pic16f887.h"
   304                           CCPR2L equ 01Bh ;# 
   305  001B                     # 1163 "C:\Program Files (x86)\Microchip\xc8\v2.00\pic\include\pic16f887.h"
   306                           CCPR2H equ 01Ch ;# 
   307  001C                     # 1170 "C:\Program Files (x86)\Microchip\xc8\v2.00\pic\include\pic16f887.h"
   308                           CCP2CON equ 01Dh ;# 
   309  001D                     # 1240 "C:\Program Files (x86)\Microchip\xc8\v2.00\pic\include\pic16f887.h"
   310                           ADRESH equ 01Eh ;# 
   311  001E                     # 1247 "C:\Program Files (x86)\Microchip\xc8\v2.00\pic\include\pic16f887.h"
   312                           ADCON0 equ 01Fh ;# 
   313  001F                     # 1348 "C:\Program Files (x86)\Microchip\xc8\v2.00\pic\include\pic16f887.h"
   314                           OPTION_REG equ 081h ;# 
   315  0081                     # 1418 "C:\Program Files (x86)\Microchip\xc8\v2.00\pic\include\pic16f887.h"
   316                           TRISA equ 085h ;# 
   317  0085                     # 1480 "C:\Program Files (x86)\Microchip\xc8\v2.00\pic\include\pic16f887.h"
   318                           TRISB equ 086h ;# 
   319  0086                     # 1542 "C:\Program Files (x86)\Microchip\xc8\v2.00\pic\include\pic16f887.h"
   320                           TRISC equ 087h ;# 
   321  0087                     # 1604 "C:\Program Files (x86)\Microchip\xc8\v2.00\pic\include\pic16f887.h"
   322                           TRISD equ 088h ;# 
   323  0088                     # 1666 "C:\Program Files (x86)\Microchip\xc8\v2.00\pic\include\pic16f887.h"
   324                           TRISE equ 089h ;# 
   325  0089                     # 1704 "C:\Program Files (x86)\Microchip\xc8\v2.00\pic\include\pic16f887.h"
   326                           PIE1 equ 08Ch ;# 
   327  008C                     # 1760 "C:\Program Files (x86)\Microchip\xc8\v2.00\pic\include\pic16f887.h"
   328                           PIE2 equ 08Dh ;# 
   329  008D                     # 1817 "C:\Program Files (x86)\Microchip\xc8\v2.00\pic\include\pic16f887.h"
   330                           PCON equ 08Eh ;# 
   331  008E                     # 1864 "C:\Program Files (x86)\Microchip\xc8\v2.00\pic\include\pic16f887.h"
   332                           OSCCON equ 08Fh ;# 
   333  008F                     # 1929 "C:\Program Files (x86)\Microchip\xc8\v2.00\pic\include\pic16f887.h"
   334                           OSCTUNE equ 090h ;# 
   335  0090                     # 1981 "C:\Program Files (x86)\Microchip\xc8\v2.00\pic\include\pic16f887.h"
   336                           SSPCON2 equ 091h ;# 
   337  0091                     # 2043 "C:\Program Files (x86)\Microchip\xc8\v2.00\pic\include\pic16f887.h"
   338                           PR2 equ 092h ;# 
   339  0092                     # 2050 "C:\Program Files (x86)\Microchip\xc8\v2.00\pic\include\pic16f887.h"
   340                           SSPADD equ 093h ;# 
   341  0093                     # 2057 "C:\Program Files (x86)\Microchip\xc8\v2.00\pic\include\pic16f887.h"
   342                           SSPMSK equ 093h ;# 
   343  0093                     # 2062 "C:\Program Files (x86)\Microchip\xc8\v2.00\pic\include\pic16f887.h"
   344                           MSK equ 093h ;# 
   345  0093                     # 2179 "C:\Program Files (x86)\Microchip\xc8\v2.00\pic\include\pic16f887.h"
   346                           SSPSTAT equ 094h ;# 
   347  0094                     # 2348 "C:\Program Files (x86)\Microchip\xc8\v2.00\pic\include\pic16f887.h"
   348                           WPUB equ 095h ;# 
   349  0095                     # 2418 "C:\Program Files (x86)\Microchip\xc8\v2.00\pic\include\pic16f887.h"
   350                           IOCB equ 096h ;# 
   351  0096                     # 2488 "C:\Program Files (x86)\Microchip\xc8\v2.00\pic\include\pic16f887.h"
   352                           VRCON equ 097h ;# 
   353  0097                     # 2558 "C:\Program Files (x86)\Microchip\xc8\v2.00\pic\include\pic16f887.h"
   354                           TXSTA equ 098h ;# 
   355  0098                     # 2644 "C:\Program Files (x86)\Microchip\xc8\v2.00\pic\include\pic16f887.h"
   356                           SPBRG equ 099h ;# 
   357  0099                     # 2706 "C:\Program Files (x86)\Microchip\xc8\v2.00\pic\include\pic16f887.h"
   358                           SPBRGH equ 09Ah ;# 
   359  009A                     # 2776 "C:\Program Files (x86)\Microchip\xc8\v2.00\pic\include\pic16f887.h"
   360                           PWM1CON equ 09Bh ;# 
   361  009B                     # 2846 "C:\Program Files (x86)\Microchip\xc8\v2.00\pic\include\pic16f887.h"
   362                           ECCPAS equ 09Ch ;# 
   363  009C                     # 2928 "C:\Program Files (x86)\Microchip\xc8\v2.00\pic\include\pic16f887.h"
   364                           PSTRCON equ 09Dh ;# 
   365  009D                     # 2972 "C:\Program Files (x86)\Microchip\xc8\v2.00\pic\include\pic16f887.h"
   366                           ADRESL equ 09Eh ;# 
   367  009E                     # 2979 "C:\Program Files (x86)\Microchip\xc8\v2.00\pic\include\pic16f887.h"
   368                           ADCON1 equ 09Fh ;# 
   369  009F                     # 3013 "C:\Program Files (x86)\Microchip\xc8\v2.00\pic\include\pic16f887.h"
   370                           WDTCON equ 0105h ;# 
   371  0105                     # 3066 "C:\Program Files (x86)\Microchip\xc8\v2.00\pic\include\pic16f887.h"
   372                           CM1CON0 equ 0107h ;# 
   373  0107                     # 3131 "C:\Program Files (x86)\Microchip\xc8\v2.00\pic\include\pic16f887.h"
   374                           CM2CON0 equ 0108h ;# 
   375  0108                     # 3196 "C:\Program Files (x86)\Microchip\xc8\v2.00\pic\include\pic16f887.h"
   376                           CM2CON1 equ 0109h ;# 
   377  0109                     # 3247 "C:\Program Files (x86)\Microchip\xc8\v2.00\pic\include\pic16f887.h"
   378                           EEDATA equ 010Ch ;# 
   379  010C                     # 3252 "C:\Program Files (x86)\Microchip\xc8\v2.00\pic\include\pic16f887.h"
   380                           EEDAT equ 010Ch ;# 
   381  010C                     # 3259 "C:\Program Files (x86)\Microchip\xc8\v2.00\pic\include\pic16f887.h"
   382                           EEADR equ 010Dh ;# 
   383  010D                     # 3266 "C:\Program Files (x86)\Microchip\xc8\v2.00\pic\include\pic16f887.h"
   384                           EEDATH equ 010Eh ;# 
   385  010E                     # 3273 "C:\Program Files (x86)\Microchip\xc8\v2.00\pic\include\pic16f887.h"
   386                           EEADRH equ 010Fh ;# 
   387  010F                     # 3280 "C:\Program Files (x86)\Microchip\xc8\v2.00\pic\include\pic16f887.h"
   388                           SRCON equ 0185h ;# 
   389  0185                     # 3337 "C:\Program Files (x86)\Microchip\xc8\v2.00\pic\include\pic16f887.h"
   390                           BAUDCTL equ 0187h ;# 
   391  0187                     # 3389 "C:\Program Files (x86)\Microchip\xc8\v2.00\pic\include\pic16f887.h"
   392                           ANSEL equ 0188h ;# 
   393  0188                     # 3451 "C:\Program Files (x86)\Microchip\xc8\v2.00\pic\include\pic16f887.h"
   394                           ANSELH equ 0189h ;# 
   395  0189                     # 3501 "C:\Program Files (x86)\Microchip\xc8\v2.00\pic\include\pic16f887.h"
   396                           EECON1 equ 018Ch ;# 
   397  018C                     # 3546 "C:\Program Files (x86)\Microchip\xc8\v2.00\pic\include\pic16f887.h"
   398                           EECON2 equ 018Dh ;# 
   399  018D                     # 54 "C:\Program Files (x86)\Microchip\xc8\v2.00\pic\include\pic16f887.h"
   400                           INDF equ 00h ;# 
   401  0000                     # 61 "C:\Program Files (x86)\Microchip\xc8\v2.00\pic\include\pic16f887.h"
   402                           TMR0 equ 01h ;# 
   403  0001                     # 68 "C:\Program Files (x86)\Microchip\xc8\v2.00\pic\include\pic16f887.h"
   404                           PCL equ 02h ;# 
   405  0002                     # 75 "C:\Program Files (x86)\Microchip\xc8\v2.00\pic\include\pic16f887.h"
   406                           STATUS equ 03h ;# 
   407  0003                     # 161 "C:\Program Files (x86)\Microchip\xc8\v2.00\pic\include\pic16f887.h"
   408                           FSR equ 04h ;# 
   409  0004                     # 168 "C:\Program Files (x86)\Microchip\xc8\v2.00\pic\include\pic16f887.h"
   410                           PORTA equ 05h ;# 
   411  0005                     # 230 "C:\Program Files (x86)\Microchip\xc8\v2.00\pic\include\pic16f887.h"
   412                           PORTB equ 06h ;# 
   413  0006                     # 292 "C:\Program Files (x86)\Microchip\xc8\v2.00\pic\include\pic16f887.h"
   414                           PORTC equ 07h ;# 
   415  0007                     # 354 "C:\Program Files (x86)\Microchip\xc8\v2.00\pic\include\pic16f887.h"
   416                           PORTD equ 08h ;# 
   417  0008                     # 416 "C:\Program Files (x86)\Microchip\xc8\v2.00\pic\include\pic16f887.h"
   418                           PORTE equ 09h ;# 
   419  0009                     # 454 "C:\Program Files (x86)\Microchip\xc8\v2.00\pic\include\pic16f887.h"
   420                           PCLATH equ 0Ah ;# 
   421  000A                     # 461 "C:\Program Files (x86)\Microchip\xc8\v2.00\pic\include\pic16f887.h"
   422                           INTCON equ 0Bh ;# 
   423  000B                     # 539 "C:\Program Files (x86)\Microchip\xc8\v2.00\pic\include\pic16f887.h"
   424                           PIR1 equ 0Ch ;# 
   425  000C                     # 595 "C:\Program Files (x86)\Microchip\xc8\v2.00\pic\include\pic16f887.h"
   426                           PIR2 equ 0Dh ;# 
   427  000D                     # 652 "C:\Program Files (x86)\Microchip\xc8\v2.00\pic\include\pic16f887.h"
   428                           TMR1 equ 0Eh ;# 
   429  000E                     # 659 "C:\Program Files (x86)\Microchip\xc8\v2.00\pic\include\pic16f887.h"
   430                           TMR1L equ 0Eh ;# 
   431  000E                     # 666 "C:\Program Files (x86)\Microchip\xc8\v2.00\pic\include\pic16f887.h"
   432                           TMR1H equ 0Fh ;# 
   433  000F                     # 673 "C:\Program Files (x86)\Microchip\xc8\v2.00\pic\include\pic16f887.h"
   434                           T1CON equ 010h ;# 
   435  0010                     # 767 "C:\Program Files (x86)\Microchip\xc8\v2.00\pic\include\pic16f887.h"
   436                           TMR2 equ 011h ;# 
   437  0011                     # 774 "C:\Program Files (x86)\Microchip\xc8\v2.00\pic\include\pic16f887.h"
   438                           T2CON equ 012h ;# 
   439  0012                     # 845 "C:\Program Files (x86)\Microchip\xc8\v2.00\pic\include\pic16f887.h"
   440                           SSPBUF equ 013h ;# 
   441  0013                     # 852 "C:\Program Files (x86)\Microchip\xc8\v2.00\pic\include\pic16f887.h"
   442                           SSPCON equ 014h ;# 
   443  0014                     # 922 "C:\Program Files (x86)\Microchip\xc8\v2.00\pic\include\pic16f887.h"
   444                           CCPR1 equ 015h ;# 
   445  0015                     # 929 "C:\Program Files (x86)\Microchip\xc8\v2.00\pic\include\pic16f887.h"
   446                           CCPR1L equ 015h ;# 
   447  0015                     # 936 "C:\Program Files (x86)\Microchip\xc8\v2.00\pic\include\pic16f887.h"
   448                           CCPR1H equ 016h ;# 
   449  0016                     # 943 "C:\Program Files (x86)\Microchip\xc8\v2.00\pic\include\pic16f887.h"
   450                           CCP1CON equ 017h ;# 
   451  0017                     # 1040 "C:\Program Files (x86)\Microchip\xc8\v2.00\pic\include\pic16f887.h"
   452                           RCSTA equ 018h ;# 
   453  0018                     # 1135 "C:\Program Files (x86)\Microchip\xc8\v2.00\pic\include\pic16f887.h"
   454                           TXREG equ 019h ;# 
   455  0019                     # 1142 "C:\Program Files (x86)\Microchip\xc8\v2.00\pic\include\pic16f887.h"
   456                           RCREG equ 01Ah ;# 
   457  001A                     # 1149 "C:\Program Files (x86)\Microchip\xc8\v2.00\pic\include\pic16f887.h"
   458                           CCPR2 equ 01Bh ;# 
   459  001B                     # 1156 "C:\Program Files (x86)\Microchip\xc8\v2.00\pic\include\pic16f887.h"
   460                           CCPR2L equ 01Bh ;# 
   461  001B                     # 1163 "C:\Program Files (x86)\Microchip\xc8\v2.00\pic\include\pic16f887.h"
   462                           CCPR2H equ 01Ch ;# 
   463  001C                     # 1170 "C:\Program Files (x86)\Microchip\xc8\v2.00\pic\include\pic16f887.h"
   464                           CCP2CON equ 01Dh ;# 
   465  001D                     # 1240 "C:\Program Files (x86)\Microchip\xc8\v2.00\pic\include\pic16f887.h"
   466                           ADRESH equ 01Eh ;# 
   467  001E                     # 1247 "C:\Program Files (x86)\Microchip\xc8\v2.00\pic\include\pic16f887.h"
   468                           ADCON0 equ 01Fh ;# 
   469  001F                     # 1348 "C:\Program Files (x86)\Microchip\xc8\v2.00\pic\include\pic16f887.h"
   470                           OPTION_REG equ 081h ;# 
   471  0081                     # 1418 "C:\Program Files (x86)\Microchip\xc8\v2.00\pic\include\pic16f887.h"
   472                           TRISA equ 085h ;# 
   473  0085                     # 1480 "C:\Program Files (x86)\Microchip\xc8\v2.00\pic\include\pic16f887.h"
   474                           TRISB equ 086h ;# 
   475  0086                     # 1542 "C:\Program Files (x86)\Microchip\xc8\v2.00\pic\include\pic16f887.h"
   476                           TRISC equ 087h ;# 
   477  0087                     # 1604 "C:\Program Files (x86)\Microchip\xc8\v2.00\pic\include\pic16f887.h"
   478                           TRISD equ 088h ;# 
   479  0088                     # 1666 "C:\Program Files (x86)\Microchip\xc8\v2.00\pic\include\pic16f887.h"
   480                           TRISE equ 089h ;# 
   481  0089                     # 1704 "C:\Program Files (x86)\Microchip\xc8\v2.00\pic\include\pic16f887.h"
   482                           PIE1 equ 08Ch ;# 
   483  008C                     # 1760 "C:\Program Files (x86)\Microchip\xc8\v2.00\pic\include\pic16f887.h"
   484                           PIE2 equ 08Dh ;# 
   485  008D                     # 1817 "C:\Program Files (x86)\Microchip\xc8\v2.00\pic\include\pic16f887.h"
   486                           PCON equ 08Eh ;# 
   487  008E                     # 1864 "C:\Program Files (x86)\Microchip\xc8\v2.00\pic\include\pic16f887.h"
   488                           OSCCON equ 08Fh ;# 
   489  008F                     # 1929 "C:\Program Files (x86)\Microchip\xc8\v2.00\pic\include\pic16f887.h"
   490                           OSCTUNE equ 090h ;# 
   491  0090                     # 1981 "C:\Program Files (x86)\Microchip\xc8\v2.00\pic\include\pic16f887.h"
   492                           SSPCON2 equ 091h ;# 
   493  0091                     # 2043 "C:\Program Files (x86)\Microchip\xc8\v2.00\pic\include\pic16f887.h"
   494                           PR2 equ 092h ;# 
   495  0092                     # 2050 "C:\Program Files (x86)\Microchip\xc8\v2.00\pic\include\pic16f887.h"
   496                           SSPADD equ 093h ;# 
   497  0093                     # 2057 "C:\Program Files (x86)\Microchip\xc8\v2.00\pic\include\pic16f887.h"
   498                           SSPMSK equ 093h ;# 
   499  0093                     # 2062 "C:\Program Files (x86)\Microchip\xc8\v2.00\pic\include\pic16f887.h"
   500                           MSK equ 093h ;# 
   501  0093                     # 2179 "C:\Program Files (x86)\Microchip\xc8\v2.00\pic\include\pic16f887.h"
   502                           SSPSTAT equ 094h ;# 
   503  0094                     # 2348 "C:\Program Files (x86)\Microchip\xc8\v2.00\pic\include\pic16f887.h"
   504                           WPUB equ 095h ;# 
   505  0095                     # 2418 "C:\Program Files (x86)\Microchip\xc8\v2.00\pic\include\pic16f887.h"
   506                           IOCB equ 096h ;# 
   507  0096                     # 2488 "C:\Program Files (x86)\Microchip\xc8\v2.00\pic\include\pic16f887.h"
   508                           VRCON equ 097h ;# 
   509  0097                     # 2558 "C:\Program Files (x86)\Microchip\xc8\v2.00\pic\include\pic16f887.h"
   510                           TXSTA equ 098h ;# 
   511  0098                     # 2644 "C:\Program Files (x86)\Microchip\xc8\v2.00\pic\include\pic16f887.h"
   512                           SPBRG equ 099h ;# 
   513  0099                     # 2706 "C:\Program Files (x86)\Microchip\xc8\v2.00\pic\include\pic16f887.h"
   514                           SPBRGH equ 09Ah ;# 
   515  009A                     # 2776 "C:\Program Files (x86)\Microchip\xc8\v2.00\pic\include\pic16f887.h"
   516                           PWM1CON equ 09Bh ;# 
   517  009B                     # 2846 "C:\Program Files (x86)\Microchip\xc8\v2.00\pic\include\pic16f887.h"
   518                           ECCPAS equ 09Ch ;# 
   519  009C                     # 2928 "C:\Program Files (x86)\Microchip\xc8\v2.00\pic\include\pic16f887.h"
   520                           PSTRCON equ 09Dh ;# 
   521  009D                     # 2972 "C:\Program Files (x86)\Microchip\xc8\v2.00\pic\include\pic16f887.h"
   522                           ADRESL equ 09Eh ;# 
   523  009E                     # 2979 "C:\Program Files (x86)\Microchip\xc8\v2.00\pic\include\pic16f887.h"
   524                           ADCON1 equ 09Fh ;# 
   525  009F                     # 3013 "C:\Program Files (x86)\Microchip\xc8\v2.00\pic\include\pic16f887.h"
   526                           WDTCON equ 0105h ;# 
   527  0105                     # 3066 "C:\Program Files (x86)\Microchip\xc8\v2.00\pic\include\pic16f887.h"
   528                           CM1CON0 equ 0107h ;# 
   529  0107                     # 3131 "C:\Program Files (x86)\Microchip\xc8\v2.00\pic\include\pic16f887.h"
   530                           CM2CON0 equ 0108h ;# 
   531  0108                     # 3196 "C:\Program Files (x86)\Microchip\xc8\v2.00\pic\include\pic16f887.h"
   532                           CM2CON1 equ 0109h ;# 
   533  0109                     # 3247 "C:\Program Files (x86)\Microchip\xc8\v2.00\pic\include\pic16f887.h"
   534                           EEDATA equ 010Ch ;# 
   535  010C                     # 3252 "C:\Program Files (x86)\Microchip\xc8\v2.00\pic\include\pic16f887.h"
   536                           EEDAT equ 010Ch ;# 
   537  010C                     # 3259 "C:\Program Files (x86)\Microchip\xc8\v2.00\pic\include\pic16f887.h"
   538                           EEADR equ 010Dh ;# 
   539  010D                     # 3266 "C:\Program Files (x86)\Microchip\xc8\v2.00\pic\include\pic16f887.h"
   540                           EEDATH equ 010Eh ;# 
   541  010E                     # 3273 "C:\Program Files (x86)\Microchip\xc8\v2.00\pic\include\pic16f887.h"
   542                           EEADRH equ 010Fh ;# 
   543  010F                     # 3280 "C:\Program Files (x86)\Microchip\xc8\v2.00\pic\include\pic16f887.h"
   544                           SRCON equ 0185h ;# 
   545  0185                     # 3337 "C:\Program Files (x86)\Microchip\xc8\v2.00\pic\include\pic16f887.h"
   546                           BAUDCTL equ 0187h ;# 
   547  0187                     # 3389 "C:\Program Files (x86)\Microchip\xc8\v2.00\pic\include\pic16f887.h"
   548                           ANSEL equ 0188h ;# 
   549  0188                     # 3451 "C:\Program Files (x86)\Microchip\xc8\v2.00\pic\include\pic16f887.h"
   550                           ANSELH equ 0189h ;# 
   551  0189                     # 3501 "C:\Program Files (x86)\Microchip\xc8\v2.00\pic\include\pic16f887.h"
   552                           EECON1 equ 018Ch ;# 
   553  018C                     # 3546 "C:\Program Files (x86)\Microchip\xc8\v2.00\pic\include\pic16f887.h"
   554                           EECON2 equ 018Dh ;# 
   555  018D                     	FNCALL	_main,_delay
   556                           	FNROOT	_main
   557                           	global	_PORTDbits
   558                           _PORTDbits	set	0x8
   559  0008                     	global	_TRISDbits
   560                           _TRISDbits	set	0x88
   561  0088                     ; #config settings
   562                           global __CFG_FOSC$INTRC_NOCLKOUT
   563                           __CFG_FOSC$INTRC_NOCLKOUT equ 0x0
   564  0000                     global __CFG_WDTE$OFF
   565                           __CFG_WDTE$OFF equ 0x0
   566  0000                     global __CFG_PWRTE$OFF
   567                           __CFG_PWRTE$OFF equ 0x0
   568  0000                     global __CFG_MCLRE$OFF
   569                           __CFG_MCLRE$OFF equ 0x0
   570  0000                     global __CFG_CP$OFF
   571                           __CFG_CP$OFF equ 0x0
   572  0000                     global __CFG_CPD$OFF
   573                           __CFG_CPD$OFF equ 0x0
   574  0000                     global __CFG_BOREN$OFF
   575                           __CFG_BOREN$OFF equ 0x0
   576  0000                     global __CFG_IESO$OFF
   577                           __CFG_IESO$OFF equ 0x0
   578  0000                     global __CFG_FCMEN$OFF
   579                           __CFG_FCMEN$OFF equ 0x0
   580  0000                     global __CFG_LVP$OFF
   581                           __CFG_LVP$OFF equ 0x0
   582  0000                     global __CFG_BOR4V$BOR40V
   583                           __CFG_BOR4V$BOR40V equ 0x0
   584  0000                     global __CFG_WRT$OFF
   585                           __CFG_WRT$OFF equ 0x0
   586  0000                     	file	"C:\Users\211934~1.CFP\AppData\Local\Temp\sakk."
   587                           	line	#
   588                           psect cinit,class=CODE,delta=2
   589                           global start_initialization
   590                           start_initialization:
   591  07FA                     
   592                           global __initialization
   593                           __initialization:
   594  07FA                     psect	bssCOMMON,class=COMMON,space=1,noexec
   595                           global __pbssCOMMON
   596                           __pbssCOMMON:
   597  0075                     _i:
   598  0075                            ds      2
   599  0075                     
   600                           	file	"C:\Users\211934~1.CFP\AppData\Local\Temp\sakk."
   601                           	line	#
   602                           ; Clear objects allocated to COMMON
   603                           psect cinit,class=CODE,delta=2,merge=1
   604                           	clrf	((__pbssCOMMON)+0)&07Fh
   605  07FA  01F5               	clrf	((__pbssCOMMON)+1)&07Fh
   606  07FB  01F6               psect cinit,class=CODE,delta=2,merge=1
   607                           global end_of_initialization,__end_of__initialization
   608                           
   609                           ;End of C runtime variable initialization code
   610                           
   611                           end_of_initialization:
   612  07FC                     __end_of__initialization:
   613  07FC                     clrf status
   614  07FC  0183               ljmp _main	;jump to C main() function
   615  07FD  120A  118A  2FBA   psect	cstackCOMMON,class=COMMON,space=1,noexec
   616                           global __pcstackCOMMON
   617                           __pcstackCOMMON:
   618  0070                     ?_delay:	; 1 bytes @ 0x0
   619  0070                     ?_main:	; 1 bytes @ 0x0
   620  0070                     	global	delay@t
   621                           delay@t:	; 2 bytes @ 0x0
   622  0070                     	ds	2
   623  0070                     ??_delay:	; 1 bytes @ 0x2
   624  0072                     	ds	1
   625  0072                     ??_main:	; 1 bytes @ 0x3
   626  0073                     	global	main@t_sensor
   627                           main@t_sensor:	; 2 bytes @ 0x3
   628  0073                     	ds	2
   629  0073                     ;!
   630                           ;!Data Sizes:
   631                           ;!    Strings     0
   632                           ;!    Constant    0
   633                           ;!    Data        0
   634                           ;!    BSS         2
   635                           ;!    Persistent  0
   636                           ;!    Stack       0
   637                           ;!
   638                           ;!Auto Spaces:
   639                           ;!    Space          Size  Autos    Used
   640                           ;!    COMMON           14      5       7
   641                           ;!    BANK0            80      0       0
   642                           ;!    BANK1            80      0       0
   643                           ;!    BANK3            96      0       0
   644                           ;!    BANK2            96      0       0
   645                           
   646                           ;!
   647                           ;!Pointer List with Targets:
   648                           ;!
   649                           ;!    None.
   650                           
   651                           
   652                           ;!
   653                           ;!Critical Paths under _main in COMMON
   654                           ;!
   655                           ;!    _main->_delay
   656                           ;!
   657                           ;!Critical Paths under _main in BANK0
   658                           ;!
   659                           ;!    None.
   660                           ;!
   661                           ;!Critical Paths under _main in BANK1
   662                           ;!
   663                           ;!    None.
   664                           ;!
   665                           ;!Critical Paths under _main in BANK3
   666                           ;!
   667                           ;!    None.
   668                           ;!
   669                           ;!Critical Paths under _main in BANK2
   670                           ;!
   671                           ;!    None.
   672                           
   673 ;;
   674 ;;Main: autosize = 0, tempsize = 0, incstack = 0, save=0
   675 ;;
   676                           
   677                           ;!
   678                           ;!Call Graph Tables:
   679                           ;!
   680                           ;! ---------------------------------------------------------------------------------
   681                           ;! (Depth) Function   	        Calls       Base Space   Used Autos Params    Refs
   682                           ;! ---------------------------------------------------------------------------------
   683                           ;! (0) _main                                                 2     2      0     124
   684                           ;!                                              3 COMMON     2     2      0
   685                           ;!                              _delay
   686                           ;! ---------------------------------------------------------------------------------
   687                           ;! (1) _delay                                                3     1      2      99
   688                           ;!                                              0 COMMON     3     1      2
   689                           ;! ---------------------------------------------------------------------------------
   690                           ;! Estimated maximum stack depth 1
   691                           ;! ---------------------------------------------------------------------------------
   692                           ;!
   693                           ;! Call Graph Graphs:
   694                           ;!
   695                           ;! _main (ROOT)
   696                           ;!   _delay
   697                           ;!
   698                           
   699                           ;! Address spaces:
   700                           
   701                           ;!Name               Size   Autos  Total    Cost      Usage
   702                           ;!BITCOMMON            E      0       0       0        0.0%
   703                           ;!EEDATA             100      0       0       0        0.0%
   704                           ;!NULL                 0      0       0       0        0.0%
   705                           ;!CODE                 0      0       0       0        0.0%
   706                           ;!COMMON               E      5       7       1       50.0%
   707                           ;!BITSFR0              0      0       0       1        0.0%
   708                           ;!SFR0                 0      0       0       1        0.0%
   709                           ;!BITSFR1              0      0       0       2        0.0%
   710                           ;!SFR1                 0      0       0       2        0.0%
   711                           ;!STACK                0      0       0       2        0.0%
   712                           ;!ABS                  0      0       7       3        0.0%
   713                           ;!BITBANK0            50      0       0       4        0.0%
   714                           ;!BITSFR3              0      0       0       4        0.0%
   715                           ;!SFR3                 0      0       0       4        0.0%
   716                           ;!BANK0               50      0       0       5        0.0%
   717                           ;!BITSFR2              0      0       0       5        0.0%
   718                           ;!SFR2                 0      0       0       5        0.0%
   719                           ;!BITBANK1            50      0       0       6        0.0%
   720                           ;!BANK1               50      0       0       7        0.0%
   721                           ;!BITBANK3            60      0       0       8        0.0%
   722                           ;!BANK3               60      0       0       9        0.0%
   723                           ;!BITBANK2            60      0       0      10        0.0%
   724                           ;!BANK2               60      0       0      11        0.0%
   725                           ;!DATA                 0      0       7      12        0.0%
   726                           
   727                           	global	_main
   728                           
   729 ;; *************** function _main *****************
   730 ;; Defined at:
   731 ;;		line 17 in file "main.c"
   732 ;; Parameters:    Size  Location     Type
   733 ;;		None
   734 ;; Auto vars:     Size  Location     Type
   735 ;;  t_sensor        2    3[COMMON] int 
   736 ;; Return value:  Size  Location     Type
   737 ;;                  1    wreg      void 
   738 ;; Registers used:
   739 ;;		wreg, status,2, status,0, btemp+1, pclath, cstack
   740 ;; Tracked objects:
   741 ;;		On entry : B00/0
   742 ;;		On exit  : 0/0
   743 ;;		Unchanged: 0/0
   744 ;; Data sizes:     COMMON   BANK0   BANK1   BANK3   BANK2
   745 ;;      Params:         0       0       0       0       0
   746 ;;      Locals:         2       0       0       0       0
   747 ;;      Temps:          0       0       0       0       0
   748 ;;      Totals:         2       0       0       0       0
   749 ;;Total ram usage:        2 bytes
   750 ;; Hardware stack levels required when called:    1
   751 ;; This function calls:
   752 ;;		_delay
   753 ;; This function is called by:
   754 ;;		Startup code after reset
   755 ;; This function uses a non-reentrant model
   756 ;;
   757                           psect	maintext,global,class=CODE,delta=2,split=1,group=0
   758                           	file	"main.c"
   759                           	line	17
   760                           global __pmaintext
   761                           __pmaintext:	;psect for function _main
   762  07BA                     psect	maintext
   763                           	file	"main.c"
   764                           	line	17
   765                           	global	__size_of_main
   766                           	__size_of_main	equ	__end_of_main-_main
   767  0040                     	
   768                           _main:	
   769  07BA                     ;incstack = 0
   770                           	opt	stack 7
   771                           ; Regs used in _main: [wreg+status,2+status,0+btemp+1+pclath+cstack]
   772                           	line	20
   773                           	
   774                           l632:	
   775  07BA                     ;main.c: 20:     TRISDbits.TRISD2 = 1;
   776                           	bsf	status, 5	;RP0=1, select bank1
   777  07BA  1683               	bcf	status, 6	;RP1=0, select bank1
   778  07BB  1303               	bsf	(136)^080h,2	;volatile
   779  07BC  1508               	line	21
   780                           ;main.c: 21:     TRISDbits.TRISD1 = 0;
   781                           	bcf	(136)^080h,1	;volatile
   782  07BD  1088               	line	22
   783                           ;main.c: 22:     PORTDbits.RD1 = 0;
   784                           	bcf	status, 5	;RP0=0, select bank0
   785  07BE  1283               	bcf	status, 6	;RP1=0, select bank0
   786  07BF  1303               	bcf	(8),1	;volatile
   787  07C0  1088               	line	24
   788                           	
   789                           l634:	
   790  07C1                     ;main.c: 24:     int t_sensor = 0;
   791                           	clrf	(main@t_sensor)
   792  07C1  01F3               	clrf	(main@t_sensor+1)
   793  07C2  01F4               	goto	l636
   794  07C3  2FC4               	line	26
   795                           ;main.c: 26:     while( 1 )
   796                           	
   797                           l11:	
   798  07C4                     	line	28
   799                           	
   800                           l636:	
   801  07C4                     ;main.c: 27:     {;main.c: 28:         if(PORTDbits.RD2 == 1)
   802                           	bcf	status, 5	;RP0=0, select bank0
   803  07C4  1283               	bcf	status, 6	;RP1=0, select bank0
   804  07C5  1303               	btfss	(8),2	;volatile
   805  07C6  1D08               	goto	u61
   806  07C7  2FC9               	goto	u60
   807  07C8  2FCA               u61:
   808  07C9                     	goto	l642
   809  07C9  2FD0               u60:
   810  07CA                     	line	30
   811                           	
   812                           l638:	
   813  07CA                     ;main.c: 29:         {;main.c: 30:            PORTDbits.RD1 = 1;
   814                           	bsf	(8),1	;volatile
   815  07CA  1488               	line	31
   816                           	
   817                           l640:	
   818  07CB                     ;main.c: 31:            t_sensor = 4500;
   819                           	movlw	094h
   820  07CB  3094               	movwf	(main@t_sensor)
   821  07CC  00F3               	movlw	011h
   822  07CD  3011               	movwf	((main@t_sensor))+1
   823  07CE  00F4               	goto	l642
   824  07CF  2FD0               	line	32
   825                           ;main.c: 32:         }
   826                           	
   827                           l12:	
   828  07D0                     	line	34
   829                           	
   830                           l642:	
   831  07D0                     ;main.c: 34:         if(PORTDbits.RD2 == 0)
   832                           	btfsc	(8),2	;volatile
   833  07D0  1908               	goto	u71
   834  07D1  2FD3               	goto	u70
   835  07D2  2FD4               u71:
   836  07D3                     	goto	l636
   837  07D3  2FC4               u70:
   838  07D4                     	line	36
   839                           	
   840                           l644:	
   841  07D4                     ;main.c: 35:         {;main.c: 36:             --t_sensor;
   842                           	movlw	0FFh
   843  07D4  30FF               	addwf	(main@t_sensor),f
   844  07D5  07F3               	skipnc
   845  07D6  1803               	incf	(main@t_sensor+1),f
   846  07D7  0AF4               	movlw	0FFh
   847  07D8  30FF               	addwf	(main@t_sensor+1),f
   848  07D9  07F4               	line	37
   849                           	
   850                           l646:	
   851  07DA                     ;main.c: 37:             delay(1);
   852                           	movlw	01h
   853  07DA  3001               	movwf	(delay@t)
   854  07DB  00F0               	movlw	0
   855  07DC  3000               	movwf	((delay@t))+1
   856  07DD  00F1               	fcall	_delay
   857  07DE  120A  118A  27A3  120A  118A  	line	39
   858                           	
   859                           l648:	
   860  07E3                     ;main.c: 39:             if(t_sensor <=0)
   861                           	movf	(main@t_sensor+1),w
   862  07E3  0874               	xorlw	80h
   863  07E4  3A80               	movwf	btemp+1
   864  07E5  00FF               	movlw	(0)^80h
   865  07E6  3080               	subwf	btemp+1,w
   866  07E7  027F               	skipz
   867  07E8  1D03               	goto	u85
   868  07E9  2FEC               	movlw	01h
   869  07EA  3001               	subwf	(main@t_sensor),w
   870  07EB  0273               u85:
   871  07EC                     
   872                           	skipnc
   873  07EC  1803               	goto	u81
   874  07ED  2FEF               	goto	u80
   875  07EE  2FF0               u81:
   876  07EF                     	goto	l636
   877  07EF  2FC4               u80:
   878  07F0                     	line	41
   879                           	
   880                           l650:	
   881  07F0                     ;main.c: 40:             {;main.c: 41:                 PORTDbits.RD1 = 0;
   882                           	bcf	status, 5	;RP0=0, select bank0
   883  07F0  1283               	bcf	status, 6	;RP1=0, select bank0
   884  07F1  1303               	bcf	(8),1	;volatile
   885  07F2  1088               	goto	l636
   886  07F3  2FC4               	line	42
   887                           ;main.c: 42:             }
   888                           	
   889                           l14:	
   890  07F4                     	goto	l636
   891  07F4  2FC4               	line	43
   892                           ;main.c: 43:         }
   893                           	
   894                           l13:	
   895  07F5                     	goto	l636
   896  07F5  2FC4               	line	44
   897                           ;main.c: 44:     }
   898                           	
   899                           l15:	
   900  07F6                     	goto	l636
   901  07F6  2FC4               	
   902                           l16:	
   903  07F7                     	line	45
   904                           	
   905                           l17:	
   906  07F7                     	global	start
   907                           	ljmp	start
   908  07F7  120A  118A  2800   	opt stack 0
   909                           GLOBAL	__end_of_main
   910                           	__end_of_main:
   911  07FA                     	signat	_main,89
   912                           	global	_delay
   913                           
   914 ;; *************** function _delay *****************
   915 ;; Defined at:
   916 ;;		line 7 in file "delay.c"
   917 ;; Parameters:    Size  Location     Type
   918 ;;  t               2    0[COMMON] unsigned int 
   919 ;; Auto vars:     Size  Location     Type
   920 ;;		None
   921 ;; Return value:  Size  Location     Type
   922 ;;                  1    wreg      void 
   923 ;; Registers used:
   924 ;;		wreg, status,2, status,0
   925 ;; Tracked objects:
   926 ;;		On entry : 0/0
   927 ;;		On exit  : 0/0
   928 ;;		Unchanged: 0/0
   929 ;; Data sizes:     COMMON   BANK0   BANK1   BANK3   BANK2
   930 ;;      Params:         2       0       0       0       0
   931 ;;      Locals:         0       0       0       0       0
   932 ;;      Temps:          1       0       0       0       0
   933 ;;      Totals:         3       0       0       0       0
   934 ;;Total ram usage:        3 bytes
   935 ;; Hardware stack levels used:    1
   936 ;; This function calls:
   937 ;;		Nothing
   938 ;; This function is called by:
   939 ;;		_main
   940 ;; This function uses a non-reentrant model
   941 ;;
   942                           psect	text1,local,class=CODE,delta=2,merge=1,group=0
   943                           	file	"delay.c"
   944                           	line	7
   945                           global __ptext1
   946                           __ptext1:	;psect for function _delay
   947  07A3                     psect	text1
   948                           	file	"delay.c"
   949                           	line	7
   950                           	global	__size_of_delay
   951                           	__size_of_delay	equ	__end_of_delay-_delay
   952  0017                     	
   953                           _delay:	
   954  07A3                     ;incstack = 0
   955                           	opt	stack 7
   956                           ; Regs used in _delay: [wreg+status,2+status,0]
   957                           	line	9
   958                           	
   959                           l626:	
   960  07A3                     ;delay.c: 7: void delay (unsigned int t);delay.c: 8: {;delay.c: 9:     while( t )
   961                           	goto	l630
   962  07A3  2FB2               	
   963                           l25:	
   964  07A4                     	line	11
   965                           	
   966                           l628:	
   967  07A4                     ;delay.c: 10:     {;delay.c: 11:      _delay((unsigned long)((1)*(4000000/4000.0)));
   968                           	opt asmopt_push
   969                           opt asmopt_off
   970                           	movlw	199
   971  07A4  30C7               movwf	((??_delay+0)+0),f
   972  07A5  00F2               	u97:
   973  07A6                     	nop2
   974  07A6  2FA7               decfsz	(??_delay+0)+0,f
   975  07A7  0BF2               	goto	u97
   976  07A8  2FA6               	nop2
   977  07A9  2FAA               	nop2
   978  07AA  2FAB               opt asmopt_pop
   979                           
   980                           	line	12
   981                           ;delay.c: 12:      --t;
   982                           	movlw	01h
   983  07AB  3001               	subwf	(delay@t),f
   984  07AC  02F0               	movlw	0
   985  07AD  3000               	skipc
   986  07AE  1C03               	decf	(delay@t+1),f
   987  07AF  03F1               	subwf	(delay@t+1),f
   988  07B0  02F1               	goto	l630
   989  07B1  2FB2               	line	13
   990                           ;delay.c: 13:     }
   991                           	
   992                           l24:	
   993  07B2                     	line	9
   994                           	
   995                           l630:	
   996  07B2                     ;delay.c: 9:     while( t )
   997                           	movf	((delay@t)),w
   998  07B2  0870               iorwf	((delay@t+1)),w
   999  07B3  0471               	btfss	status,2
  1000  07B4  1D03               	goto	u51
  1001  07B5  2FB7               	goto	u50
  1002  07B6  2FB8               u51:
  1003  07B7                     	goto	l628
  1004  07B7  2FA4               u50:
  1005  07B8                     	goto	l27
  1006  07B8  2FB9               	
  1007                           l26:	
  1008  07B9                     	line	14
  1009                           	
  1010                           l27:	
  1011  07B9                     	return
  1012  07B9  0008               	opt stack 0
  1013                           GLOBAL	__end_of_delay
  1014                           	__end_of_delay:
  1015  07BA                     	signat	_delay,4217
  1016                           global	___latbits
  1017                           ___latbits	equ	2
  1018  0002                     	global	btemp
  1019                           	btemp set 07Eh
  1020  007E                     
  1021                           	DABS	1,126,2	;btemp
  1022                           	global	wtemp0
  1023                           	wtemp0 set btemp+0
  1024  007E                     	end


Data Sizes:
    Strings     0
    Constant    0
    Data        0
    BSS         2
    Persistent  0
    Stack       0

Auto Spaces:
    Space          Size  Autos    Used
    COMMON           14      5       7
    BANK0            80      0       0
    BANK1            80      0       0
    BANK3            96      0       0
    BANK2            96      0       0

Pointer List with Targets:

    None.

Critical Paths under _main in COMMON

    _main->_delay

Critical Paths under _main in BANK0

    None.

Critical Paths under _main in BANK1

    None.

Critical Paths under _main in BANK3

    None.

Critical Paths under _main in BANK2

    None.

Call Graph Tables:

 ---------------------------------------------------------------------------------
 (Depth) Function   	        Calls       Base Space   Used Autos Params    Refs
 ---------------------------------------------------------------------------------
 (0) _main                                                 2     2      0     124
                                              3 COMMON     2     2      0
                              _delay
 ---------------------------------------------------------------------------------
 (1) _delay                                                3     1      2      99
                                              0 COMMON     3     1      2
 ---------------------------------------------------------------------------------
 Estimated maximum stack depth 1
 ---------------------------------------------------------------------------------

 Call Graph Graphs:

 _main (ROOT)
   _delay

 Address spaces:
Name               Size   Autos  Total    Cost      Usage
BITCOMMON            E      0       0       0        0.0%
EEDATA             100      0       0       0        0.0%
NULL                 0      0       0       0        0.0%
CODE                 0      0       0       0        0.0%
COMMON               E      5       7       1       50.0%
BITSFR0              0      0       0       1        0.0%
SFR0                 0      0       0       1        0.0%
BITSFR1              0      0       0       2        0.0%
SFR1                 0      0       0       2        0.0%
STACK                0      0       0       2        0.0%
ABS                  0      0       7       3        0.0%
BITBANK0            50      0       0       4        0.0%
BITSFR3              0      0       0       4        0.0%
SFR3                 0      0       0       4        0.0%
BANK0               50      0       0       5        0.0%
BITSFR2              0      0       0       5        0.0%
SFR2                 0      0       0       5        0.0%
BITBANK1            50      0       0       6        0.0%
BANK1               50      0       0       7        0.0%
BITBANK3            60      0       0       8        0.0%
BANK3               60      0       0       9        0.0%
BITBANK2            60      0       0      10        0.0%
BANK2               60      0       0      11        0.0%
DATA                 0      0       7      12        0.0%


Microchip Technology PIC Macro Assembler V2.00 build -1524193055 
Symbol Table                                                                                   Mon Apr 18 11:13:39 2022

                       _i 0075               __CFG_CP$OFF 0000                        l11 07C4  
                      l12 07D0                        l13 07F5                        l14 07F4  
                      l15 07F6                        l24 07B2                        l16 07F7  
                      l25 07A4                        l17 07F7                        l26 07B9  
                      l27 07B9                        u50 07B8                        u51 07B7  
                      u60 07CA                        u61 07C9                        u70 07D4  
                      u71 07D3                        u80 07F0                        u81 07EF  
                      u85 07EC                        u97 07A6                       l630 07B2  
                     l640 07CB                       l632 07BA                       l626 07A3  
                     l650 07F0                       l642 07D0                       l634 07C1  
                     l628 07A4                       l644 07D4                       l636 07C4  
                     l646 07DA                       l638 07CA                       l648 07E3  
            __CFG_CPD$OFF 0000              __CFG_LVP$OFF 0000              __CFG_WRT$OFF 0000  
                    _main 07BA                      btemp 007E                      start 0000  
           __CFG_IESO$OFF 0000                     ?_main 0070             __CFG_WDTE$OFF 0000  
          __CFG_FCMEN$OFF 0000                     _delay 07A3              main@t_sensor 0073  
          __CFG_BOREN$OFF 0000                     status 0003                     wtemp0 007E  
          __CFG_MCLRE$OFF 0000           __initialization 07FA              __end_of_main 07FA  
                  ??_main 0073                    ?_delay 0070            __CFG_PWRTE$OFF 0000  
                  delay@t 0070   __end_of__initialization 07FC            __pcstackCOMMON 0070  
           __end_of_delay 07BA                   ??_delay 0072                __pmaintext 07BA  
                 __ptext1 07A3      end_of_initialization 07FC                 _PORTDbits 0008  
               _TRISDbits 0088       start_initialization 07FA  __CFG_FOSC$INTRC_NOCLKOUT 0000  
             __pbssCOMMON 0075                 ___latbits 0002            __size_of_delay 0017  
       __CFG_BOR4V$BOR40V 0000             __size_of_main 0040  
